Determining if the pthread_create exist failed with the following output:
Change Dir: /home/themsoum7/MyPrograms/CLionProjects/integral/cmake-build-debug/CMakeFiles/CMakeTmp

Run Build Command:"/usr/bin/make" "cmTC_dc895/fast"
/usr/bin/make -f CMakeFiles/cmTC_dc895.dir/build.make CMakeFiles/cmTC_dc895.dir/build
make[1]: Entering directory '/home/themsoum7/MyPrograms/CLionProjects/integral/cmake-build-debug/CMakeFiles/CMakeTmp'
Building C object CMakeFiles/cmTC_dc895.dir/CheckSymbolExists.c.o
/usr/bin/cc     -o CMakeFiles/cmTC_dc895.dir/CheckSymbolExists.c.o   -c /home/themsoum7/MyPrograms/CLionProjects/integral/cmake-build-debug/CMakeFiles/CMakeTmp/CheckSymbolExists.c
Linking C executable cmTC_dc895
/home/themsoum7/MyPrograms/clion-2016.3.4/bin/cmake/bin/cmake -E cmake_link_script CMakeFiles/cmTC_dc895.dir/link.txt --verbose=1
/usr/bin/cc       CMakeFiles/cmTC_dc895.dir/CheckSymbolExists.c.o  -o cmTC_dc895 
CMakeFiles/cmTC_dc895.dir/CheckSymbolExists.c.o: In function `main':
CheckSymbolExists.c:(.text+0x16): undefined reference to `pthread_create'
collect2: error: ld returned 1 exit status
CMakeFiles/cmTC_dc895.dir/build.make:97: recipe for target 'cmTC_dc895' failed
make[1]: *** [cmTC_dc895] Error 1
make[1]: Leaving directory '/home/themsoum7/MyPrograms/CLionProjects/integral/cmake-build-debug/CMakeFiles/CMakeTmp'
Makefile:126: recipe for target 'cmTC_dc895/fast' failed
make: *** [cmTC_dc895/fast] Error 2

File /home/themsoum7/MyPrograms/CLionProjects/integral/cmake-build-debug/CMakeFiles/CMakeTmp/CheckSymbolExists.c:
/* */
#include <pthread.h>

int main(int argc, char** argv)
{
  (void)argv;
#ifndef pthread_create
  return ((int*)(&pthread_create))[argc];
#else
  (void)argc;
  return 0;
#endif
}

Determining if the function pthread_create exists in the pthreads failed with the following output:
Change Dir: /home/themsoum7/MyPrograms/CLionProjects/integral/cmake-build-debug/CMakeFiles/CMakeTmp

Run Build Command:"/usr/bin/make" "cmTC_c19e9/fast"
/usr/bin/make -f CMakeFiles/cmTC_c19e9.dir/build.make CMakeFiles/cmTC_c19e9.dir/build
make[1]: Entering directory '/home/themsoum7/MyPrograms/CLionProjects/integral/cmake-build-debug/CMakeFiles/CMakeTmp'
Building C object CMakeFiles/cmTC_c19e9.dir/CheckFunctionExists.c.o
/usr/bin/cc    -DCHECK_FUNCTION_EXISTS=pthread_create   -o CMakeFiles/cmTC_c19e9.dir/CheckFunctionExists.c.o   -c /home/themsoum7/MyPrograms/clion-2016.3.4/bin/cmake/share/cmake-3.6/Modules/CheckFunctionExists.c
Linking C executable cmTC_c19e9
/home/themsoum7/MyPrograms/clion-2016.3.4/bin/cmake/bin/cmake -E cmake_link_script CMakeFiles/cmTC_c19e9.dir/link.txt --verbose=1
/usr/bin/cc   -DCHECK_FUNCTION_EXISTS=pthread_create    CMakeFiles/cmTC_c19e9.dir/CheckFunctionExists.c.o  -o cmTC_c19e9 -lpthreads 
/usr/bin/ld: cannot find -lpthreads
collect2: error: ld returned 1 exit status
CMakeFiles/cmTC_c19e9.dir/build.make:97: recipe for target 'cmTC_c19e9' failed
make[1]: *** [cmTC_c19e9] Error 1
make[1]: Leaving directory '/home/themsoum7/MyPrograms/CLionProjects/integral/cmake-build-debug/CMakeFiles/CMakeTmp'
Makefile:126: recipe for target 'cmTC_c19e9/fast' failed
make: *** [cmTC_c19e9/fast] Error 2


